Build started 4/16/2013 11:35:26 PM.
     1>Project "C:\Users\my\Desktop\faya\HelloWorld\cocos2d.vcxproj" on node 2 (Build target(s)).
     1>Link:
         C:\Program Files (x86)\Microsoft Visual Studio 11.0\VC\WPSDK\WP80\bin\link.exe /ERRORREPORT:PROMPT /OUT:"C:\Users\my\Desktop\faya\\Win32\Release\cocos2d\faya.exe" /NOLOGO /LIBPATH:C:\Users\my\Desktop\faya\\cocos2dx\platform\third_party\win8_metro\libraries\x86 freetype.lib dxguid.lib xaudio2.lib dxgi.lib uuid.lib d3d11.lib zlib.lib libjpeg.lib libpng.lib WindowsPhoneCore.lib RuntimeObject.lib PhoneAppModelHost.lib /NODEFAULTLIB:ole32.lib /MANIFEST:NO /DEBUG /PDB:"C:\Users\my\Desktop\faya\\Win32\Release\cocos2d\faya.pdb" /SUBSYSTEM:WINDOWS /OPT:REF /OPT:ICF /LTCG /TLBID:1 /WINMD /WINMDFILE:"C:\Users\my\Desktop\faya\\Win32\Release\cocos2d\cocos2d.winmd" /DYNAMICBASE /NXCOMPAT /MACHINE:X86 /SAFESEH Win32\Release\b2BroadPhase.obj
         Win32\Release\b2CollideCircle.obj
         Win32\Release\b2CollideEdge.obj
         Win32\Release\b2CollidePolygon.obj
         Win32\Release\b2Collision.obj
         Win32\Release\b2Distance.obj
         Win32\Release\b2DynamicTree.obj
         Win32\Release\b2TimeOfImpact.obj
         Win32\Release\b2ChainShape.obj
         Win32\Release\b2CircleShape.obj
         Win32\Release\b2EdgeShape.obj
         Win32\Release\b2PolygonShape.obj
         Win32\Release\b2BlockAllocator.obj
         Win32\Release\b2Draw.obj
         Win32\Release\b2Math.obj
         Win32\Release\b2Settings.obj
         Win32\Release\b2StackAllocator.obj
         Win32\Release\b2Timer.obj
         Win32\Release\b2Body.obj
         Win32\Release\b2ContactManager.obj
         Win32\Release\b2Fixture.obj
         Win32\Release\b2Island.obj
         Win32\Release\b2World.obj
         Win32\Release\b2WorldCallbacks.obj
         Win32\Release\b2ChainAndCircleContact.obj
         Win32\Release\b2ChainAndPolygonContact.obj
         Win32\Release\b2CircleContact.obj
         Win32\Release\b2Contact.obj
         Win32\Release\b2ContactSolver.obj
         Win32\Release\b2EdgeAndCircleContact.obj
         Win32\Release\b2EdgeAndPolygonContact.obj
         Win32\Release\b2PolygonAndCircleContact.obj
         Win32\Release\b2PolygonContact.obj
         Win32\Release\b2DistanceJoint.obj
         Win32\Release\b2FrictionJoint.obj
         Win32\Release\b2GearJoint.obj
         Win32\Release\b2Joint.obj
         Win32\Release\b2MouseJoint.obj
         Win32\Release\b2PrismaticJoint.obj
         Win32\Release\b2PulleyJoint.obj
         Win32\Release\b2RevoluteJoint.obj
         Win32\Release\b2RopeJoint.obj
         Win32\Release\b2WeldJoint.obj
         Win32\Release\b2WheelJoint.obj
         Win32\Release\b2Rope.obj
         Win32\Release\CCAction.obj
         Win32\Release\CCActionCamera.obj
         Win32\Release\CCActionEase.obj
         Win32\Release\CCActionGrid.obj
         Win32\Release\CCActionGrid3D.obj
         Win32\Release\CCActionInstant.obj
         Win32\Release\CCActionInterval.obj
         Win32\Release\CCActionManager.obj
         Win32\Release\CCActionPageTurn3D.obj
         Win32\Release\CCActionProgressTimer.obj
         Win32\Release\CCActionTiledGrid.obj
         Win32\Release\CCAtlasNode.obj
         Win32\Release\CCNode.obj
         Win32\Release\CCCamera.obj
         Win32\Release\CCConfiguration.obj
         Win32\Release\CCDirector.obj
         Win32\Release\CCDrawingPrimitives.obj
         Win32\Release\CCScheduler.obj
         Win32\Release\CCAffineTransform.obj
         Win32\Release\CCAutoreleasePool.obj
         Win32\Release\CCData.obj
         Win32\Release\CCGeometry.obj
         Win32\Release\CCNS.obj
         Win32\Release\CCObject.obj
         Win32\Release\CCSet.obj
         Win32\Release\CCZone.obj
         Win32\Release\cocos2d.obj
         Win32\Release\CCGrabber.obj
         Win32\Release\CCGrid.obj
         Win32\Release\CCNotificationCenter.obj
         Win32\Release\CCLabelAtlas.obj
         Win32\Release\CCLabelBMFont.obj
         Win32\Release\CCLabelTTF.obj
         Win32\Release\CCLayer.obj
         Win32\Release\CCScene.obj
         Win32\Release\CCTransition.obj
         Win32\Release\CCTransitionPageTurn.obj
         Win32\Release\CCTransitionRadial.obj
         Win32\Release\CCMenu.obj
         Win32\Release\CCMenuItem.obj
         Win32\Release\CCMotionStreak.obj
         Win32\Release\CCProgressTimer.obj
         Win32\Release\CCRenderTexture.obj
         Win32\Release\CCRibbon.obj
         Win32\Release\CCParticleExamples.obj
         Win32\Release\CCParticleSystem.obj
         Win32\Release\CCParticleSystemPoint.obj
         Win32\Release\CCParticleSystemQuad.obj
         Win32\Release\CCCommon.obj
         Win32\Release\CCFileUtils.obj
         Win32\Release\CCGL.obj
         Win32\Release\CCImage.obj
         Win32\Release\CCSAXParser.obj
         Win32\Release\CCStdC.obj
         Win32\Release\CCThread.obj
         Win32\Release\platform.obj
         Win32\Release\BasicLoader.obj
         Win32\Release\BasicReaderWriter.obj
         Win32\Release\CCApplication_win8_metro.obj
         Win32\Release\CCEGLView_win8_metro.obj
         Win32\Release\CCFileUtils_win8_metro.obj
         Win32\Release\CCImage_win8_metro.obj
         Win32\Release\DirectXRender.obj
         Win32\Release\DXTextPainter.obj
         Win32\Release\FTTextPainter.obj
         Win32\Release\CCScriptSupport.obj
         Win32\Release\CCAnimation.obj
         Win32\Release\CCAnimationCache.obj
         Win32\Release\CCSprite.obj
         Win32\Release\CCSpriteBatchNode.obj
         Win32\Release\CCSpriteFrame.obj
         Win32\Release\CCSpriteFrameCache.obj
         Win32\Release\base64.obj
         Win32\Release\CCArray.obj
         Win32\Release\CCPointExtension.obj
         Win32\Release\CCProfiling.obj
         Win32\Release\CCUserDefault.obj
         Win32\Release\ccUtils.obj
         Win32\Release\TGAlib.obj
         Win32\Release\TransformUtils.obj
         Win32\Release\ioapi.obj
         Win32\Release\unzip.obj
         Win32\Release\ZipUtils.obj
         Win32\Release\CCTexture2D.obj
         Win32\Release\CCTextureAtlas.obj
         Win32\Release\CCTextureCache.obj
         Win32\Release\CCTexturePVR.obj
         Win32\Release\CCIMEDispatcher.obj
         Win32\Release\CCTextFieldTTF.obj
         Win32\Release\CCTouchDispatcher.obj
         Win32\Release\CCTouchHandler.obj
         Win32\Release\Audio.obj
         Win32\Release\MediaStreamer.obj
         Win32\Release\SimpleAudioEngine.obj
         Win32\Release\tinystr.obj
         Win32\Release\tinyxml.obj
         Win32\Release\tinyxmlerror.obj
         Win32\Release\tinyxmlparser.obj
         Win32\Release\AppDelegate.obj
         Win32\Release\cocos2dorig.obj
         Win32\Release\CCAccelerometer_win8_metro.obj
         Win32\Release\CCRadioMenu.obj
         Win32\Release\HelloWorldScene.obj
         Win32\Release\MainMenu.obj
         Win32\Release\MyContactListener.obj
         Win32\Release\Settings.obj
         Win32\Release\Shop.obj
         Win32\Release\Tutorial.obj
         Win32\Release\pch.obj
         Generating code
     1>Done Building Project "C:\Users\my\Desktop\faya\HelloWorld\cocos2d.vcxproj" (Build target(s)) -- FAILED.

Build FAILED.

Time Elapsed 00:00:20.05
